Using pre-set license
Built from '2020.2/release' branch; Version is '2020.2.1f1 (270dd8c3da1c) revision 2559448'; Using compiler version '192528614'; Build Type 'Release'
OS: 'Windows 10  (10.0.0) 64bit' Language: 'pt' Physical Memory: 8120 MB
BatchMode: 1, IsHumanControllingUs: 0, StartBugReporterOnCrash: 0, Is64bit: 1, IsPro: 0

 COMMAND LINE ARGUMENTS:
C:\Program Files\Unity\Hub\Editor\2020.2.1f1\Editor\Unity.exe
-adb2
-batchMode
-noUpm
-name
AssetImportWorker0
-projectPath
E:/JogoProj/Game-project-1
-logFile
Logs/AssetImportWorker0.log
-srvPort
50581
Successfully changed project path to: E:/JogoProj/Game-project-1
E:/JogoProj/Game-project-1
Using Asset Import Pipeline V2.
Refreshing native plugins compatible for Editor in 101.84 ms, found 0 plugins.
Preloading 0 native plugins for Editor in 0.00 ms.
Initialize engine version: 2020.2.1f1 (270dd8c3da1c)
[Subsystems] Discovering subsystems at path C:/Program Files/Unity/Hub/Editor/2020.2.1f1/Editor/Data/Resources/UnitySubsystems
[Subsystems] Discovering subsystems at path E:/JogoProj/Game-project-1/Assets
GfxDevice: creating device client; threaded=0
Direct3D:
    Version:  Direct3D 11.0 [level 11.1]
    Renderer: NVIDIA GeForce GTX 1060 6GB (ID=0x1c03)
    Vendor:   
    VRAM:     6052 MB
    Driver:   27.21.14.6611
Initialize mono
Mono path[0] = 'C:/Program Files/Unity/Hub/Editor/2020.2.1f1/Editor/Data/Managed'
Mono path[1] = 'C:/Program Files/Unity/Hub/Editor/2020.2.1f1/Editor/Data/MonoBleedingEdge/lib/mono/unityjit'
Mono config path = 'C:/Program Files/Unity/Hub/Editor/2020.2.1f1/Editor/Data/MonoBleedingEdge/etc'
Using monoOptions --debugger-agent=transport=dt_socket,embedding=1,server=y,suspend=n,address=127.0.0.1:56376
Begin MonoManager ReloadAssembly
Registering precompiled unity dll's ...
Register platform support module: C:/Program Files/Unity/Hub/Editor/2020.2.1f1/Editor/Data/PlaybackEngines/WindowsStandaloneSupport/UnityEditor.WindowsStandalone.Extensions.dll
Registered in 0.004548 seconds.
Native extension for WindowsStandalone target not found
Refreshing native plugins compatible for Editor in 78.70 ms, found 0 plugins.
Preloading 0 native plugins for Editor in 0.00 ms.
Invoked RoslynAnalysisRunner static constructor.
RoslynAnalysisRunner will not be running.
RoslynAnalysisRunner has terminated.
Mono: successfully reloaded assembly
- Completed reload, in  2.697 seconds
Platform modules already initialized, skipping
Registering precompiled user dll's ...
Registered in 0.004022 seconds.
Begin MonoManager ReloadAssembly
Native extension for WindowsStandalone target not found
Refreshing native plugins compatible for Editor in 0.57 ms, found 0 plugins.
Preloading 0 native plugins for Editor in 0.00 ms.
Invoked RoslynAnalysisRunner static constructor.
RoslynAnalysisRunner will not be running.
RoslynAnalysisRunner has terminated.
Mono: successfully reloaded assembly
- Completed reload, in  2.203 seconds
Platform modules already initialized, skipping
========================================================================
Worker process is ready to serve import requests
Launched and connected shader compiler UnityShaderCompiler.exe after 0.08 seconds
Refreshing native plugins compatible for Editor in 0.89 ms, found 0 plugins.
Preloading 0 native plugins for Editor in 0.00 ms.
Unloading 1418 Unused Serialized files (Serialized files now loaded: 0)
System memory in use before: 65.8 MB.
System memory in use after: 65.9 MB.

Unloading 34 unused Assets to reduce memory usage. Loaded Objects now: 1845.
Total: 3.783000 ms (FindLiveObjects: 0.348700 ms CreateObjectMapping: 0.260100 ms MarkObjects: 3.045500 ms  DeleteObjects: 0.126300 ms)

========================================================================
Received Import Request.
  path: Assets/Animations/personagem/idle_character.anim
  artifactKey: Guid(a568624899ebab346b9e2d5ed65c720f) Importer(815301076,1909f56bfc062723c751e8b465ee728b)
Start importing Assets/Animations/personagem/idle_character.anim using Guid(a568624899ebab346b9e2d5ed65c720f) Importer(815301076,1909f56bfc062723c751e8b465ee728b)  -> (artifact id: 'dbdf1db1684ae0cd8057fc7a1a9094d5') in 0.086972 seconds
  Import took 0.097619 seconds .

========================================================================
Received Prepare
Registering precompiled user dll's ...
Registered in 0.003317 seconds.
Begin MonoManager ReloadAssembly
Native extension for WindowsStandalone target not found
Refreshing native plugins compatible for Editor in 0.89 ms, found 0 plugins.
Preloading 0 native plugins for Editor in 0.00 ms.
Invoked RoslynAnalysisRunner static constructor.
RoslynAnalysisRunner will not be running.
RoslynAnalysisRunner has terminated.
Mono: successfully reloaded assembly
- Completed reload, in  1.258 seconds
Platform modules already initialized, skipping
Refreshing native plugins compatible for Editor in 0.55 ms, found 0 plugins.
Preloading 0 native plugins for Editor in 0.00 ms.
Unloading 1413 Unused Serialized files (Serialized files now loaded: 0)
System memory in use before: 65.8 MB.
System memory in use after: 65.9 MB.

Unloading 25 unused Assets to reduce memory usage. Loaded Objects now: 1847.
Total: 2.113200 ms (FindLiveObjects: 0.210000 ms CreateObjectMapping: 0.113700 ms MarkObjects: 1.734700 ms  DeleteObjects: 0.053000 ms)

========================================================================
Received Prepare
Registering precompiled user dll's ...
Registered in 0.004394 seconds.
Begin MonoManager ReloadAssembly
Native extension for WindowsStandalone target not found
Refreshing native plugins compatible for Editor in 0.52 ms, found 0 plugins.
Preloading 0 native plugins for Editor in 0.00 ms.
Invoked RoslynAnalysisRunner static constructor.
RoslynAnalysisRunner will not be running.
RoslynAnalysisRunner has terminated.
Mono: successfully reloaded assembly
- Completed reload, in  1.177 seconds
Platform modules already initialized, skipping
Refreshing native plugins compatible for Editor in 0.66 ms, found 0 plugins.
Preloading 0 native plugins for Editor in 0.00 ms.
Unloading 1413 Unused Serialized files (Serialized files now loaded: 0)
System memory in use before: 66.0 MB.
System memory in use after: 66.0 MB.

Unloading 25 unused Assets to reduce memory usage. Loaded Objects now: 1849.
Total: 2.405600 ms (FindLiveObjects: 0.330400 ms CreateObjectMapping: 0.165200 ms MarkObjects: 1.853300 ms  DeleteObjects: 0.055300 ms)

========================================================================
Received Prepare
Registering precompiled user dll's ...
Registered in 0.003249 seconds.
Begin MonoManager ReloadAssembly
Native extension for WindowsStandalone target not found
Refreshing native plugins compatible for Editor in 0.49 ms, found 0 plugins.
Preloading 0 native plugins for Editor in 0.00 ms.
Invoked RoslynAnalysisRunner static constructor.
RoslynAnalysisRunner will not be running.
RoslynAnalysisRunner has terminated.
Mono: successfully reloaded assembly
- Completed reload, in  1.341 seconds
Platform modules already initialized, skipping
Refreshing native plugins compatible for Editor in 0.86 ms, found 0 plugins.
Preloading 0 native plugins for Editor in 0.00 ms.
Unloading 1413 Unused Serialized files (Serialized files now loaded: 0)
System memory in use before: 66.1 MB.
System memory in use after: 66.1 MB.

Unloading 25 unused Assets to reduce memory usage. Loaded Objects now: 1851.
Total: 3.443200 ms (FindLiveObjects: 0.340900 ms CreateObjectMapping: 0.164800 ms MarkObjects: 2.858400 ms  DeleteObjects: 0.077100 ms)

========================================================================
Received Import Request.
  Time since last request: 1105.766179 seconds.
  path: Assets/Sprites/PacoteArmas/Wizard Attack VFX/wizard-attack-vfx-b_impact-001.png
  artifactKey: Guid(a6d4de9bee23b954f883102ecdaf8e96) Importer(815301076,1909f56bfc062723c751e8b465ee728b)
Start importing Assets/Sprites/PacoteArmas/Wizard Attack VFX/wizard-attack-vfx-b_impact-001.png using Guid(a6d4de9bee23b954f883102ecdaf8e96) Importer(815301076,1909f56bfc062723c751e8b465ee728b)  -> (artifact id: 'c4425a9726fb527cea5bcf3c74c29812') in 0.317898 seconds
  Import took 0.321497 seconds .

========================================================================
Received Import Request.
  Time since last request: 0.000269 seconds.
  path: Assets/Sprites/PacoteArmas/Wizard Attack VFX/wizard-attack-vfx-d_impact_001.png
  artifactKey: Guid(71f84402eb9f74b40af46a4d7aeda022) Importer(815301076,1909f56bfc062723c751e8b465ee728b)
Start importing Assets/Sprites/PacoteArmas/Wizard Attack VFX/wizard-attack-vfx-d_impact_001.png using Guid(71f84402eb9f74b40af46a4d7aeda022) Importer(815301076,1909f56bfc062723c751e8b465ee728b)  -> (artifact id: 'd77b49e59642375b9657c2b5ea6205f3') in 0.043210 seconds
  Import took 0.046592 seconds .

========================================================================
Received Import Request.
  Time since last request: 0.000257 seconds.
  path: Assets/Sprites/PacoteArmas/Wizard Attack VFX/wizard-attack-vfx-c_shooting-001.png
  artifactKey: Guid(d674723575be27f44a17d7473ed6e7e9) Importer(815301076,1909f56bfc062723c751e8b465ee728b)
Start importing Assets/Sprites/PacoteArmas/Wizard Attack VFX/wizard-attack-vfx-c_shooting-001.png using Guid(d674723575be27f44a17d7473ed6e7e9) Importer(815301076,1909f56bfc062723c751e8b465ee728b)  -> (artifact id: 'f19206b67ea40dd6879557a53797519c') in 0.065915 seconds
  Import took 0.069759 seconds .

========================================================================
Received Import Request.
  Time since last request: 0.000280 seconds.
  path: Assets/Sprites/PacoteArmas/Wizard Attack VFX/wizard-attack-vfx-c_shooting-003.png
  artifactKey: Guid(fd61b9a1701dda3489038eb2a3a3d4d1) Importer(815301076,1909f56bfc062723c751e8b465ee728b)
Start importing Assets/Sprites/PacoteArmas/Wizard Attack VFX/wizard-attack-vfx-c_shooting-003.png using Guid(fd61b9a1701dda3489038eb2a3a3d4d1) Importer(815301076,1909f56bfc062723c751e8b465ee728b)  -> (artifact id: 'be8bcd2887704458d9aa8aab0d7070f2') in 0.030600 seconds
  Import took 0.034095 seconds .

========================================================================
Received Import Request.
  Time since last request: 0.000255 seconds.
  path: Assets/Sprites/PacoteArmas/Wizard Attack VFX/wizard-attack-vfx-c_shooting-004.png
  artifactKey: Guid(c55ac3b4eec9bdc44b4a490e37a48a09) Importer(815301076,1909f56bfc062723c751e8b465ee728b)
Start importing Assets/Sprites/PacoteArmas/Wizard Attack VFX/wizard-attack-vfx-c_shooting-004.png using Guid(c55ac3b4eec9bdc44b4a490e37a48a09) Importer(815301076,1909f56bfc062723c751e8b465ee728b)  -> (artifact id: '29859610cc801605cc8166ec583cbc22') in 0.032106 seconds
  Import took 0.035972 seconds .

========================================================================
Received Import Request.
  Time since last request: 0.000259 seconds.
  path: Assets/Sprites/PacoteArmas/Wizard Attack VFX/wizard-attack-vfx-c_impact-004.png
  artifactKey: Guid(98d1f70cd033a9f4fbbcd23a91ba8628) Importer(815301076,1909f56bfc062723c751e8b465ee728b)
Start importing Assets/Sprites/PacoteArmas/Wizard Attack VFX/wizard-attack-vfx-c_impact-004.png using Guid(98d1f70cd033a9f4fbbcd23a91ba8628) Importer(815301076,1909f56bfc062723c751e8b465ee728b)  -> (artifact id: '9d009cca836f517948f892f0ea78ea7f') in 0.055392 seconds
  Import took 0.060093 seconds .

========================================================================
Received Import Request.
  Time since last request: 0.000247 seconds.
  path: Assets/Sprites/PacoteArmas/Wizard Attack VFX/wizard-attack-vfx-d_impact_002.png
  artifactKey: Guid(f538ca7ab05a1f74dbc45ee7699feb56) Importer(815301076,1909f56bfc062723c751e8b465ee728b)
Start importing Assets/Sprites/PacoteArmas/Wizard Attack VFX/wizard-attack-vfx-d_impact_002.png using Guid(f538ca7ab05a1f74dbc45ee7699feb56) Importer(815301076,1909f56bfc062723c751e8b465ee728b)  -> (artifact id: '3d0635b26d3b8b8ac70fa2cba55c8eba') in 0.044692 seconds
  Import took 0.047539 seconds .

========================================================================
Received Import Request.
  Time since last request: 0.000317 seconds.
  path: Assets/Sprites/PacoteArmas/Wizard Attack VFX/wizard-attack-vfx-b_impact-002.png
  artifactKey: Guid(d3dfac756a296a641aba2c4a2bdfd635) Importer(815301076,1909f56bfc062723c751e8b465ee728b)
Start importing Assets/Sprites/PacoteArmas/Wizard Attack VFX/wizard-attack-vfx-b_impact-002.png using Guid(d3dfac756a296a641aba2c4a2bdfd635) Importer(815301076,1909f56bfc062723c751e8b465ee728b)  -> (artifact id: 'c64c092258e9cae5c2d6c86d41c1997a') in 0.030511 seconds
  Import took 0.033736 seconds .

========================================================================
Received Import Request.
  Time since last request: 0.000292 seconds.
  path: Assets/Sprites/PacoteArmas/Wizard Attack VFX/wizard-attack-vfx-c_shooting-002.png
  artifactKey: Guid(b2d4938084a62eb4f85a25bf4ca2cc75) Importer(815301076,1909f56bfc062723c751e8b465ee728b)
Start importing Assets/Sprites/PacoteArmas/Wizard Attack VFX/wizard-attack-vfx-c_shooting-002.png using Guid(b2d4938084a62eb4f85a25bf4ca2cc75) Importer(815301076,1909f56bfc062723c751e8b465ee728b)  -> (artifact id: '6649180f96569eedc5f02d7945aba4b0') in 0.033400 seconds
  Import took 0.035954 seconds .

========================================================================
Received Prepare
Registering precompiled user dll's ...
Registered in 0.006261 seconds.
Begin MonoManager ReloadAssembly
Native extension for WindowsStandalone target not found
Refreshing native plugins compatible for Editor in 0.58 ms, found 0 plugins.
Preloading 0 native plugins for Editor in 0.00 ms.
Invoked RoslynAnalysisRunner static constructor.
RoslynAnalysisRunner will not be running.
RoslynAnalysisRunner has terminated.
Mono: successfully reloaded assembly
- Completed reload, in  1.421 seconds
Platform modules already initialized, skipping
Refreshing native plugins compatible for Editor in 0.51 ms, found 0 plugins.
Preloading 0 native plugins for Editor in 0.00 ms.
Unloading 1413 Unused Serialized files (Serialized files now loaded: 0)
System memory in use before: 69.2 MB.
System memory in use after: 69.3 MB.

Unloading 25 unused Assets to reduce memory usage. Loaded Objects now: 1859.
Total: 2.293500 ms (FindLiveObjects: 0.237800 ms CreateObjectMapping: 0.115800 ms MarkObjects: 1.886500 ms  DeleteObjects: 0.051800 ms)

========================================================================
Received Import Request.
  Time since last request: 65.346693 seconds.
  path: Assets/Sprites/PacoteArmas/Wizard Attack VFX/wizard-attack-vfx-d_impact_002.png
  artifactKey: Guid(f538ca7ab05a1f74dbc45ee7699feb56) Importer(815301076,1909f56bfc062723c751e8b465ee728b)
Start importing Assets/Sprites/PacoteArmas/Wizard Attack VFX/wizard-attack-vfx-d_impact_002.png using Guid(f538ca7ab05a1f74dbc45ee7699feb56) Importer(815301076,1909f56bfc062723c751e8b465ee728b)  -> (artifact id: 'c05a0007c4a4742888f37194c0444c6c') in 0.113161 seconds
  Import took 0.116613 seconds .

========================================================================
Received Import Request.
  Time since last request: 50.164327 seconds.
  path: Assets/Prefabs/Main Camera.prefab
  artifactKey: Guid(1857065293a46f64d9163432d99db362) Importer(815301076,1909f56bfc062723c751e8b465ee728b)
Start importing Assets/Prefabs/Main Camera.prefab using Guid(1857065293a46f64d9163432d99db362) Importer(815301076,1909f56bfc062723c751e8b465ee728b)  -> (artifact id: '84043672550a354b3a3831644d479d77') in 0.069724 seconds
  Import took 0.073799 seconds .

========================================================================
Received Import Request.
  Time since last request: 3.516495 seconds.
  path: Assets/Prefabs/Objects
  artifactKey: Guid(5ff5b0ce6c6941f479cb8a5f01b8ecca) Importer(815301076,1909f56bfc062723c751e8b465ee728b)
Start importing Assets/Prefabs/Objects using Guid(5ff5b0ce6c6941f479cb8a5f01b8ecca) Importer(815301076,1909f56bfc062723c751e8b465ee728b)  -> (artifact id: '1b8c395b7bcb351255e62598c2339405') in 0.004348 seconds
  Import took 0.009254 seconds .

========================================================================
Received Import Request.
  Time since last request: 0.039249 seconds.
  path: Assets/Prefabs/Objects/Arw.prefab
  artifactKey: Guid(d04ea07c6b99d16419649cefd6182b73) Importer(815301076,1909f56bfc062723c751e8b465ee728b)
Start importing Assets/Prefabs/Objects/Arw.prefab using Guid(d04ea07c6b99d16419649cefd6182b73) Importer(815301076,1909f56bfc062723c751e8b465ee728b)  -> (artifact id: 'b3d1bd48293b55257ea2aba30b85aaad') in 0.034598 seconds
  Import took 0.037842 seconds .

========================================================================
Received Import Request.
  Time since last request: 0.000245 seconds.
  path: Assets/Prefabs/Objects/FireArw.prefab
  artifactKey: Guid(c03b161ae926d3c4291b8a515d149350) Importer(815301076,1909f56bfc062723c751e8b465ee728b)
Start importing Assets/Prefabs/Objects/FireArw.prefab using Guid(c03b161ae926d3c4291b8a515d149350) Importer(815301076,1909f56bfc062723c751e8b465ee728b)  -> (artifact id: '8d6fef60b879475fc6cd965893a3374c') in 0.014555 seconds
  Import took 0.019131 seconds .

========================================================================
Received Import Request.
  Time since last request: 0.000335 seconds.
  path: Assets/Prefabs/Objects/TwilightArw.prefab
  artifactKey: Guid(4194556be63768248b0a0858428e7761) Importer(815301076,1909f56bfc062723c751e8b465ee728b)
Start importing Assets/Prefabs/Objects/TwilightArw.prefab using Guid(4194556be63768248b0a0858428e7761) Importer(815301076,1909f56bfc062723c751e8b465ee728b)  -> (artifact id: 'ee37192d1e3aa88f68ae8f00cce8f16c') in 0.020801 seconds
  Import took 0.025999 seconds .

========================================================================
Received Import Request.
  Time since last request: 0.000267 seconds.
  path: Assets/Prefabs/Objects/PoisonArw.prefab
  artifactKey: Guid(403e1621de5ede148a969f012366397f) Importer(815301076,1909f56bfc062723c751e8b465ee728b)
Start importing Assets/Prefabs/Objects/PoisonArw.prefab using Guid(403e1621de5ede148a969f012366397f) Importer(815301076,1909f56bfc062723c751e8b465ee728b)  -> (artifact id: 'ce1942a9b39e4385b1a3b2f6cfcf7575') in 0.016881 seconds
  Import took 0.019955 seconds .

========================================================================
Received Import Request.
  Time since last request: 0.000260 seconds.
  path: Assets/Prefabs/Objects/PillarArrow.prefab
  artifactKey: Guid(2a8c3d5d6e421004ea26385e0704dd74) Importer(815301076,1909f56bfc062723c751e8b465ee728b)
Start importing Assets/Prefabs/Objects/PillarArrow.prefab using Guid(2a8c3d5d6e421004ea26385e0704dd74) Importer(815301076,1909f56bfc062723c751e8b465ee728b)  -> (artifact id: '9de440270e5934d5096f77caa0969fe2') in 0.029432 seconds
  Import took 0.032984 seconds .

========================================================================
Received Import Request.
  Time since last request: 0.000269 seconds.
  path: Assets/Prefabs/Objects/LightArw.prefab
  artifactKey: Guid(3c875ab696b80c24984022215134cfe5) Importer(815301076,1909f56bfc062723c751e8b465ee728b)
Start importing Assets/Prefabs/Objects/LightArw.prefab using Guid(3c875ab696b80c24984022215134cfe5) Importer(815301076,1909f56bfc062723c751e8b465ee728b)  -> (artifact id: 'cac4f961cf5a7a5e21da90aba9115ebc') in 0.039187 seconds
  Import took 0.042240 seconds .

========================================================================
Received Import Request.
  Time since last request: 0.000294 seconds.
  path: Assets/Prefabs/Objects/FreezeArw.prefab
  artifactKey: Guid(9c20e1cac8ce9f042b88c8dd127a5a86) Importer(815301076,1909f56bfc062723c751e8b465ee728b)
Start importing Assets/Prefabs/Objects/FreezeArw.prefab using Guid(9c20e1cac8ce9f042b88c8dd127a5a86) Importer(815301076,1909f56bfc062723c751e8b465ee728b)  -> (artifact id: '5f26c642f01d5ec5c5c337cf6982b395') in 0.017724 seconds
  Import took 0.023530 seconds .

========================================================================
Received Prepare
Registering precompiled user dll's ...
Registered in 0.004429 seconds.
Begin MonoManager ReloadAssembly
Native extension for WindowsStandalone target not found
Refreshing native plugins compatible for Editor in 0.50 ms, found 0 plugins.
Preloading 0 native plugins for Editor in 0.00 ms.
Invoked RoslynAnalysisRunner static constructor.
RoslynAnalysisRunner will not be running.
RoslynAnalysisRunner has terminated.
Mono: successfully reloaded assembly
- Completed reload, in  1.111 seconds
Platform modules already initialized, skipping
Refreshing native plugins compatible for Editor in 0.64 ms, found 0 plugins.
Preloading 0 native plugins for Editor in 0.00 ms.
Unloading 1413 Unused Serialized files (Serialized files now loaded: 0)
System memory in use before: 69.5 MB.
System memory in use after: 69.6 MB.

Unloading 26 unused Assets to reduce memory usage. Loaded Objects now: 1867.
Total: 5.756600 ms (FindLiveObjects: 0.389400 ms CreateObjectMapping: 0.100900 ms MarkObjects: 5.178500 ms  DeleteObjects: 0.085400 ms)

========================================================================
Received Import Request.
  Time since last request: 65.555201 seconds.
  path: Assets/Prefabs/Objects/FireShot.prefab
  artifactKey: Guid(119569d71e636104faa820245e70baff) Importer(815301076,1909f56bfc062723c751e8b465ee728b)
Start importing Assets/Prefabs/Objects/FireShot.prefab using Guid(119569d71e636104faa820245e70baff) Importer(815301076,1909f56bfc062723c751e8b465ee728b)  -> (artifact id: 'a17806c65306dc0452fae5efbaafaa1a') in 0.096462 seconds
  Import took 0.101204 seconds .

========================================================================
Received Prepare
Registering precompiled user dll's ...
Registered in 0.003909 seconds.
Begin MonoManager ReloadAssembly
Native extension for WindowsStandalone target not found
Refreshing native plugins compatible for Editor in 0.59 ms, found 0 plugins.
Preloading 0 native plugins for Editor in 0.00 ms.
Invoked RoslynAnalysisRunner static constructor.
RoslynAnalysisRunner will not be running.
RoslynAnalysisRunner has terminated.
Mono: successfully reloaded assembly
- Completed reload, in  1.374 seconds
Platform modules already initialized, skipping
Refreshing native plugins compatible for Editor in 0.51 ms, found 0 plugins.
Preloading 0 native plugins for Editor in 0.00 ms.
Unloading 1413 Unused Serialized files (Serialized files now loaded: 0)
System memory in use before: 69.6 MB.
System memory in use after: 69.7 MB.

Unloading 25 unused Assets to reduce memory usage. Loaded Objects now: 1870.
Total: 2.138900 ms (FindLiveObjects: 0.261400 ms CreateObjectMapping: 0.111600 ms MarkObjects: 1.690400 ms  DeleteObjects: 0.072900 ms)

========================================================================
Received Import Request.
  Time since last request: 41.454603 seconds.
  path: Assets/Prefabs/Objects/FireShot.prefab
  artifactKey: Guid(119569d71e636104faa820245e70baff) Importer(815301076,1909f56bfc062723c751e8b465ee728b)
Start importing Assets/Prefabs/Objects/FireShot.prefab using Guid(119569d71e636104faa820245e70baff) Importer(815301076,1909f56bfc062723c751e8b465ee728b)  -> (artifact id: '1823b838699d9929830105150179ba56') in 0.082272 seconds
  Import took 0.086023 seconds .

========================================================================
Received Prepare
Registering precompiled user dll's ...
Registered in 0.004538 seconds.
Begin MonoManager ReloadAssembly
Native extension for WindowsStandalone target not found
Refreshing native plugins compatible for Editor in 1.75 ms, found 0 plugins.
Preloading 0 native plugins for Editor in 0.00 ms.
Invoked RoslynAnalysisRunner static constructor.
RoslynAnalysisRunner will not be running.
RoslynAnalysisRunner has terminated.
Mono: successfully reloaded assembly
- Completed reload, in  2.902 seconds
Platform modules already initialized, skipping
Refreshing native plugins compatible for Editor in 1.06 ms, found 0 plugins.
Preloading 0 native plugins for Editor in 0.00 ms.
Unloading 1413 Unused Serialized files (Serialized files now loaded: 0)
System memory in use before: 69.7 MB.
System memory in use after: 69.8 MB.

Unloading 25 unused Assets to reduce memory usage. Loaded Objects now: 1873.
Total: 4.754800 ms (FindLiveObjects: 0.616400 ms CreateObjectMapping: 0.273900 ms MarkObjects: 3.767400 ms  DeleteObjects: 0.094400 ms)

========================================================================
Received Prepare
Registering precompiled user dll's ...
Registered in 0.003790 seconds.
Begin MonoManager ReloadAssembly
Native extension for WindowsStandalone target not found
Refreshing native plugins compatible for Editor in 0.56 ms, found 0 plugins.
Preloading 0 native plugins for Editor in 0.00 ms.
Invoked RoslynAnalysisRunner static constructor.
RoslynAnalysisRunner will not be running.
RoslynAnalysisRunner has terminated.
Mono: successfully reloaded assembly
- Completed reload, in  1.512 seconds
Platform modules already initialized, skipping
Refreshing native plugins compatible for Editor in 0.97 ms, found 0 plugins.
Preloading 0 native plugins for Editor in 0.00 ms.
Unloading 1413 Unused Serialized files (Serialized files now loaded: 0)
System memory in use before: 69.8 MB.
System memory in use after: 69.9 MB.

Unloading 25 unused Assets to reduce memory usage. Loaded Objects now: 1875.
Total: 3.125500 ms (FindLiveObjects: 0.371600 ms CreateObjectMapping: 0.249700 ms MarkObjects: 2.437500 ms  DeleteObjects: 0.064500 ms)

========================================================================
Received Prepare
Registering precompiled user dll's ...
Registered in 0.004359 seconds.
Begin MonoManager ReloadAssembly
Native extension for WindowsStandalone target not found
Refreshing native plugins compatible for Editor in 1.06 ms, found 0 plugins.
Preloading 0 native plugins for Editor in 0.00 ms.
Invoked RoslynAnalysisRunner static constructor.
RoslynAnalysisRunner will not be running.
RoslynAnalysisRunner has terminated.
Mono: successfully reloaded assembly
- Completed reload, in  1.271 seconds
Platform modules already initialized, skipping
Refreshing native plugins compatible for Editor in 1.70 ms, found 0 plugins.
Preloading 0 native plugins for Editor in 0.00 ms.
Unloading 1413 Unused Serialized files (Serialized files now loaded: 0)
System memory in use before: 69.9 MB.
System memory in use after: 70.0 MB.

Unloading 25 unused Assets to reduce memory usage. Loaded Objects now: 1877.
Total: 4.864000 ms (FindLiveObjects: 0.348100 ms CreateObjectMapping: 0.135200 ms MarkObjects: 4.299000 ms  DeleteObjects: 0.079300 ms)

========================================================================
Received Import Request.
  Time since last request: 474.213979 seconds.
  path: Assets/Sprites/PacoteArmas/Wizard Attack VFX
  artifactKey: Guid(b5bfe223c8d89c24c8a7b709e78f999d) Importer(815301076,1909f56bfc062723c751e8b465ee728b)
Start importing Assets/Sprites/PacoteArmas/Wizard Attack VFX using Guid(b5bfe223c8d89c24c8a7b709e78f999d) Importer(815301076,1909f56bfc062723c751e8b465ee728b)  -> (artifact id: 'b7eafcda50ce2ea78f1b67fdc845427d') in 0.019970 seconds
  Import took 0.024310 seconds .

========================================================================
Received Prepare
Registering precompiled user dll's ...
Registered in 0.003776 seconds.
Begin MonoManager ReloadAssembly
Native extension for WindowsStandalone target not found
Refreshing native plugins compatible for Editor in 0.52 ms, found 0 plugins.
Preloading 0 native plugins for Editor in 0.00 ms.
Invoked RoslynAnalysisRunner static constructor.
RoslynAnalysisRunner will not be running.
RoslynAnalysisRunner has terminated.
Mono: successfully reloaded assembly
- Completed reload, in  1.184 seconds
Platform modules already initialized, skipping
Refreshing native plugins compatible for Editor in 0.71 ms, found 0 plugins.
Preloading 0 native plugins for Editor in 0.00 ms.
Unloading 1413 Unused Serialized files (Serialized files now loaded: 0)
System memory in use before: 70.0 MB.
System memory in use after: 70.0 MB.

Unloading 25 unused Assets to reduce memory usage. Loaded Objects now: 1879.
Total: 3.225000 ms (FindLiveObjects: 0.396500 ms CreateObjectMapping: 0.189300 ms MarkObjects: 2.544700 ms  DeleteObjects: 0.091500 ms)

========================================================================
Received Import Request.
  Time since last request: 815.679711 seconds.
  path: Assets/Prefabs/Objects/FireShot.prefab
  artifactKey: Guid(119569d71e636104faa820245e70baff) Importer(815301076,1909f56bfc062723c751e8b465ee728b)
Start importing Assets/Prefabs/Objects/FireShot.prefab using Guid(119569d71e636104faa820245e70baff) Importer(815301076,1909f56bfc062723c751e8b465ee728b) The Animator Controller (FireShot) you have used is not valid. Animations will not play
UnityEngine.StackTraceUtility:ExtractStackTrace ()
UnityEditor.EditorUtility:Internal_InstantiateRemoveAllNonAnimationComponentsSingle (UnityEngine.Object,UnityEngine.Vector3,UnityEngine.Quaternion)
UnityEditor.EditorUtility:InstantiateRemoveAllNonAnimationComponents (UnityEngine.Object,UnityEngine.Vector3,UnityEngine.Quaternion)
UnityEditor.EditorUtility:InstantiateForAnimatorPreview (UnityEngine.Object)
UnityEditor.GameObjectInspector/PreviewData:UpdateGameObject (UnityEngine.Object)
UnityEditor.GameObjectInspector/PreviewData:.ctor (UnityEngine.Object)
UnityEditor.GameObjectInspector:GetPreviewData ()
UnityEditor.GameObjectInspector:RenderStaticPreview (string,UnityEngine.Object[],int,int)
UnityEditor.AssetPreviewUpdater:CreatePreviewForAsset (UnityEngine.Object,UnityEngine.Object[],string)

[C:\buildslave\unity\build\Modules/Animation/Director/AnimatorControllerPlayable.cpp line 332]

The Animator Controller (FireShot) you have used is not valid. Animations will not play
UnityEngine.StackTraceUtility:ExtractStackTrace ()
UnityEditor.EditorUtility:InitInstantiatedPreviewRecursive (UnityEngine.GameObject)
UnityEditor.EditorUtility:InstantiateForAnimatorPreview (UnityEngine.Object)
UnityEditor.GameObjectInspector/PreviewData:UpdateGameObject (UnityEngine.Object)
UnityEditor.GameObjectInspector/PreviewData:.ctor (UnityEngine.Object)
UnityEditor.GameObjectInspector:GetPreviewData ()
UnityEditor.GameObjectInspector:RenderStaticPreview (string,UnityEngine.Object[],int,int)
UnityEditor.AssetPreviewUpdater:CreatePreviewForAsset (UnityEngine.Object,UnityEngine.Object[],string)

[C:\buildslave\unity\build\Modules/Animation/Director/AnimatorControllerPlayable.cpp line 332]

 -> (artifact id: 'be354cc1b55d757ea4d30d647879df5d') in 0.084425 seconds
  Import took 0.089351 seconds .

========================================================================
Received Prepare
Registering precompiled user dll's ...
Registered in 0.006630 seconds.
Begin MonoManager ReloadAssembly
Native extension for WindowsStandalone target not found
Refreshing native plugins compatible for Editor in 0.66 ms, found 0 plugins.
Preloading 0 native plugins for Editor in 0.00 ms.
Invoked RoslynAnalysisRunner static constructor.
RoslynAnalysisRunner will not be running.
RoslynAnalysisRunner has terminated.
Mono: successfully reloaded assembly
- Completed reload, in  1.675 seconds
Platform modules already initialized, skipping
Refreshing native plugins compatible for Editor in 0.52 ms, found 0 plugins.
Preloading 0 native plugins for Editor in 0.00 ms.
Unloading 1413 Unused Serialized files (Serialized files now loaded: 0)
System memory in use before: 70.1 MB.
System memory in use after: 70.2 MB.

Unloading 25 unused Assets to reduce memory usage. Loaded Objects now: 1882.
Total: 2.971300 ms (FindLiveObjects: 0.214100 ms CreateObjectMapping: 0.115000 ms MarkObjects: 2.584300 ms  DeleteObjects: 0.056500 ms)

========================================================================
Received Import Request.
  Time since last request: 34.702216 seconds.
  path: Assets/Prefabs/Objects/FireShot.prefab
  artifactKey: Guid(119569d71e636104faa820245e70baff) Importer(815301076,1909f56bfc062723c751e8b465ee728b)
Start importing Assets/Prefabs/Objects/FireShot.prefab using Guid(119569d71e636104faa820245e70baff) Importer(815301076,1909f56bfc062723c751e8b465ee728b)  -> (artifact id: '2b917b5a578c712a6c9f6b98c1144411') in 0.136093 seconds
  Import took 0.143582 seconds .

========================================================================
Received Prepare
Registering precompiled user dll's ...
Registered in 0.004264 seconds.
Begin MonoManager ReloadAssembly
Native extension for WindowsStandalone target not found
Refreshing native plugins compatible for Editor in 0.95 ms, found 0 plugins.
Preloading 0 native plugins for Editor in 0.00 ms.
Invoked RoslynAnalysisRunner static constructor.
RoslynAnalysisRunner will not be running.
RoslynAnalysisRunner has terminated.
Mono: successfully reloaded assembly
- Completed reload, in  1.143 seconds
Platform modules already initialized, skipping
Refreshing native plugins compatible for Editor in 0.73 ms, found 0 plugins.
Preloading 0 native plugins for Editor in 0.00 ms.
Unloading 1413 Unused Serialized files (Serialized files now loaded: 0)
System memory in use before: 70.3 MB.
System memory in use after: 70.3 MB.

Unloading 25 unused Assets to reduce memory usage. Loaded Objects now: 1885.
Total: 3.084700 ms (FindLiveObjects: 0.272600 ms CreateObjectMapping: 0.089900 ms MarkObjects: 2.632400 ms  DeleteObjects: 0.088100 ms)

========================================================================
Received Import Request.
  Time since last request: 11929.410066 seconds.
  path: Assets/Sprites/Materials/Bg 1.mat
  artifactKey: Guid(64c8a83957d67324caafe23bdfd9acd0) Importer(815301076,1909f56bfc062723c751e8b465ee728b)
Start importing Assets/Sprites/Materials/Bg 1.mat using Guid(64c8a83957d67324caafe23bdfd9acd0) Importer(815301076,1909f56bfc062723c751e8b465ee728b)  -> (artifact id: '321eb520875b1eaaadf38baded068f34') in 4.956153 seconds
  Import took 9.895703 seconds .

========================================================================
Received Import Request.
  Time since last request: 1133.415920 seconds.
  path: Assets/MaterialProjeto/barraAmarela.png
  artifactKey: Guid(78a18244c7c7b404299d474764e4ecb8) Importer(815301076,1909f56bfc062723c751e8b465ee728b)
Start importing Assets/MaterialProjeto/barraAmarela.png using Guid(78a18244c7c7b404299d474764e4ecb8) Importer(815301076,1909f56bfc062723c751e8b465ee728b)  -> (artifact id: '374abb1b93c867e19d2f63a49d88473c') in 0.164521 seconds
  Import took 0.209174 seconds .

========================================================================
Received Import Request.
  Time since last request: 26.934607 seconds.
  path: Assets/MaterialProjeto/barraAmarela.png
  artifactKey: Guid(78a18244c7c7b404299d474764e4ecb8) Importer(815301076,1909f56bfc062723c751e8b465ee728b)
Start importing Assets/MaterialProjeto/barraAmarela.png using Guid(78a18244c7c7b404299d474764e4ecb8) Importer(815301076,1909f56bfc062723c751e8b465ee728b)  -> (artifact id: '27efe018397fe0f2dfc75d091139e24b') in 0.120789 seconds
  Import took 0.169343 seconds .

========================================================================
Received Prepare
Registering precompiled user dll's ...
Registered in 0.008390 seconds.
Begin MonoManager ReloadAssembly
Native extension for WindowsStandalone target not found
Refreshing native plugins compatible for Editor in 1.17 ms, found 0 plugins.
Preloading 0 native plugins for Editor in 0.00 ms.
Invoked RoslynAnalysisRunner static constructor.
RoslynAnalysisRunner will not be running.
RoslynAnalysisRunner has terminated.
Mono: successfully reloaded assembly
- Completed reload, in  2.362 seconds
Platform modules already initialized, skipping
Refreshing native plugins compatible for Editor in 0.72 ms, found 0 plugins.
Preloading 0 native plugins for Editor in 0.00 ms.
Unloading 1413 Unused Serialized files (Serialized files now loaded: 0)
System memory in use before: 70.6 MB.
System memory in use after: 70.7 MB.

Unloading 25 unused Assets to reduce memory usage. Loaded Objects now: 1924.
Total: 12.205100 ms (FindLiveObjects: 0.225400 ms CreateObjectMapping: 0.113500 ms MarkObjects: 11.768100 ms  DeleteObjects: 0.096300 ms)

========================================================================
Received Prepare
Registering precompiled user dll's ...
Registered in 0.082871 seconds.
Begin MonoManager ReloadAssembly
Native extension for WindowsStandalone target not found
Refreshing native plugins compatible for Editor in 3.60 ms, found 0 plugins.
Preloading 0 native plugins for Editor in 0.00 ms.
Invoked RoslynAnalysisRunner static constructor.
RoslynAnalysisRunner will not be running.
RoslynAnalysisRunner has terminated.
Mono: successfully reloaded assembly
- Completed reload, in  5.122 seconds
Platform modules already initialized, skipping
Refreshing native plugins compatible for Editor in 0.94 ms, found 0 plugins.
Preloading 0 native plugins for Editor in 0.00 ms.
Unloading 1413 Unused Serialized files (Serialized files now loaded: 0)
System memory in use before: 70.7 MB.
System memory in use after: 70.8 MB.

Unloading 25 unused Assets to reduce memory usage. Loaded Objects now: 1926.
Total: 3.326600 ms (FindLiveObjects: 0.276500 ms CreateObjectMapping: 0.074100 ms MarkObjects: 2.776300 ms  DeleteObjects: 0.197300 ms)

========================================================================
Received Import Request.
  Time since last request: 3673.739040 seconds.
  path: Assets/MaterialProjeto/Vida.controller
  artifactKey: Guid(5d7b768ee2d1abe459756e42e7fca3b9) Importer(815301076,1909f56bfc062723c751e8b465ee728b)
Start importing Assets/MaterialProjeto/Vida.controller using Guid(5d7b768ee2d1abe459756e42e7fca3b9) Importer(815301076,1909f56bfc062723c751e8b465ee728b)  -> (artifact id: 'e8c6dfdc106447c884c5356d0645cad1') in 0.149199 seconds
  Import took 0.165120 seconds .

========================================================================
Received Import Request.
  Time since last request: 0.369661 seconds.
  path: Assets/MaterialProjeto/Vida.controller
  artifactKey: Guid(5d7b768ee2d1abe459756e42e7fca3b9) Importer(815301076,1909f56bfc062723c751e8b465ee728b)
Start importing Assets/MaterialProjeto/Vida.controller using Guid(5d7b768ee2d1abe459756e42e7fca3b9) Importer(815301076,1909f56bfc062723c751e8b465ee728b)  -> (artifact id: 'e8c6dfdc106447c884c5356d0645cad1') in 0.004556 seconds
  Import took 0.014098 seconds .

========================================================================
Received Prepare
Registering precompiled user dll's ...
Registered in 0.003228 seconds.
Begin MonoManager ReloadAssembly
Native extension for WindowsStandalone target not found
Refreshing native plugins compatible for Editor in 1.07 ms, found 0 plugins.
Preloading 0 native plugins for Editor in 0.00 ms.
Invoked RoslynAnalysisRunner static constructor.
RoslynAnalysisRunner will not be running.
RoslynAnalysisRunner has terminated.
Mono: successfully reloaded assembly
- Completed reload, in  4.299 seconds
Platform modules already initialized, skipping
Refreshing native plugins compatible for Editor in 0.78 ms, found 0 plugins.
Preloading 0 native plugins for Editor in 0.00 ms.
Unloading 1413 Unused Serialized files (Serialized files now loaded: 0)
System memory in use before: 70.8 MB.
System memory in use after: 70.9 MB.

Unloading 25 unused Assets to reduce memory usage. Loaded Objects now: 1928.
Total: 8.991900 ms (FindLiveObjects: 0.238700 ms CreateObjectMapping: 0.116600 ms MarkObjects: 8.569400 ms  DeleteObjects: 0.065000 ms)

AssetImportWorkerClient::OnTransportError - code=2 error=End of file
