Using pre-set license
Built from '2020.2/release' branch; Version is '2020.2.1f1 (270dd8c3da1c) revision 2559448'; Using compiler version '192528614'; Build Type 'Release'
OS: 'Windows 10  (10.0.0) 64bit' Language: 'pt' Physical Memory: 8120 MB
BatchMode: 1, IsHumanControllingUs: 0, StartBugReporterOnCrash: 0, Is64bit: 1, IsPro: 0

 COMMAND LINE ARGUMENTS:
C:\Program Files\Unity\Hub\Editor\2020.2.1f1\Editor\Unity.exe
-adb2
-batchMode
-noUpm
-name
AssetImportWorker0
-projectPath
E:/JogoProj/Game-project-1
-logFile
Logs/AssetImportWorker0.log
-srvPort
51752
Successfully changed project path to: E:/JogoProj/Game-project-1
E:/JogoProj/Game-project-1
Using Asset Import Pipeline V2.
Refreshing native plugins compatible for Editor in 87.44 ms, found 0 plugins.
Preloading 0 native plugins for Editor in 0.00 ms.
Initialize engine version: 2020.2.1f1 (270dd8c3da1c)
[Subsystems] Discovering subsystems at path C:/Program Files/Unity/Hub/Editor/2020.2.1f1/Editor/Data/Resources/UnitySubsystems
[Subsystems] Discovering subsystems at path E:/JogoProj/Game-project-1/Assets
GfxDevice: creating device client; threaded=0
Direct3D:
    Version:  Direct3D 11.0 [level 11.1]
    Renderer: NVIDIA GeForce GTX 1060 6GB (ID=0x1c03)
    Vendor:   
    VRAM:     6052 MB
    Driver:   27.21.14.5671
Initialize mono
Mono path[0] = 'C:/Program Files/Unity/Hub/Editor/2020.2.1f1/Editor/Data/Managed'
Mono path[1] = 'C:/Program Files/Unity/Hub/Editor/2020.2.1f1/Editor/Data/MonoBleedingEdge/lib/mono/unityjit'
Mono config path = 'C:/Program Files/Unity/Hub/Editor/2020.2.1f1/Editor/Data/MonoBleedingEdge/etc'
Using monoOptions --debugger-agent=transport=dt_socket,embedding=1,server=y,suspend=n,address=127.0.0.1:56168
Begin MonoManager ReloadAssembly
Registering precompiled unity dll's ...
Register platform support module: C:/Program Files/Unity/Hub/Editor/2020.2.1f1/Editor/Data/PlaybackEngines/WindowsStandaloneSupport/UnityEditor.WindowsStandalone.Extensions.dll
Registered in 0.004090 seconds.
Native extension for WindowsStandalone target not found
Refreshing native plugins compatible for Editor in 169.59 ms, found 0 plugins.
Preloading 0 native plugins for Editor in 0.00 ms.
Invoked RoslynAnalysisRunner static constructor.
RoslynAnalysisRunner will not be running.
RoslynAnalysisRunner has terminated.
Mono: successfully reloaded assembly
- Completed reload, in  3.705 seconds
Platform modules already initialized, skipping
Registering precompiled user dll's ...
Registered in 0.010298 seconds.
Begin MonoManager ReloadAssembly
Native extension for WindowsStandalone target not found
Refreshing native plugins compatible for Editor in 1.00 ms, found 0 plugins.
Preloading 0 native plugins for Editor in 0.00 ms.
Invoked RoslynAnalysisRunner static constructor.
RoslynAnalysisRunner will not be running.
RoslynAnalysisRunner has terminated.
Mono: successfully reloaded assembly
- Completed reload, in  2.689 seconds
Platform modules already initialized, skipping
========================================================================
Worker process is ready to serve import requests
Launched and connected shader compiler UnityShaderCompiler.exe after 0.06 seconds
Refreshing native plugins compatible for Editor in 0.95 ms, found 0 plugins.
Preloading 0 native plugins for Editor in 0.00 ms.
Unloading 1417 Unused Serialized files (Serialized files now loaded: 0)
System memory in use before: 67.0 MB.
System memory in use after: 67.0 MB.

Unloading 34 unused Assets to reduce memory usage. Loaded Objects now: 1844.
Total: 4.778200 ms (FindLiveObjects: 0.466200 ms CreateObjectMapping: 0.199000 ms MarkObjects: 3.959800 ms  DeleteObjects: 0.136000 ms)

========================================================================
Received Import Request.
  path: Assets/MaterialProjeto/barra.png
  artifactKey: Guid(f667b02ca94162a4caac5350102c84a4) Importer(815301076,1909f56bfc062723c751e8b465ee728b)
Start importing Assets/MaterialProjeto/barra.png using Guid(f667b02ca94162a4caac5350102c84a4) Importer(815301076,1909f56bfc062723c751e8b465ee728b)  -> (artifact id: 'eda383abd7a0d6e626e4e93f7b3aa5bb') in 0.231765 seconds
  Import took 0.243387 seconds .

========================================================================
Received Import Request.
  Time since last request: 26.457902 seconds.
  path: Assets/MaterialProjeto/barra.png
  artifactKey: Guid(f667b02ca94162a4caac5350102c84a4) Importer(815301076,1909f56bfc062723c751e8b465ee728b)
Start importing Assets/MaterialProjeto/barra.png using Guid(f667b02ca94162a4caac5350102c84a4) Importer(815301076,1909f56bfc062723c751e8b465ee728b)  -> (artifact id: 'a6f8cf546120395f458d0a80dcfc1220') in 0.225796 seconds
  Import took 0.233819 seconds .

========================================================================
Received Import Request.
  Time since last request: 191.331961 seconds.
  path: Assets/MaterialProjeto/barra.png
  artifactKey: Guid(f667b02ca94162a4caac5350102c84a4) Importer(815301076,1909f56bfc062723c751e8b465ee728b)
Start importing Assets/MaterialProjeto/barra.png using Guid(f667b02ca94162a4caac5350102c84a4) Importer(815301076,1909f56bfc062723c751e8b465ee728b)  -> (artifact id: '137863f5e2851538a4e77e74550b1243') in 0.040088 seconds
  Import took 0.055478 seconds .

========================================================================
Received Import Request.
  Time since last request: 47.250562 seconds.
  path: Assets/MaterialProjeto/barra.png
  artifactKey: Guid(f667b02ca94162a4caac5350102c84a4) Importer(815301076,1909f56bfc062723c751e8b465ee728b)
Start importing Assets/MaterialProjeto/barra.png using Guid(f667b02ca94162a4caac5350102c84a4) Importer(815301076,1909f56bfc062723c751e8b465ee728b)  -> (artifact id: 'df7336647002fec43d073fff1a37ace0') in 0.057575 seconds
  Import took 0.066017 seconds .

========================================================================
Received Import Request.
  Time since last request: 28.704165 seconds.
  path: Assets/MaterialProjeto/barra.png
  artifactKey: Guid(f667b02ca94162a4caac5350102c84a4) Importer(815301076,1909f56bfc062723c751e8b465ee728b)
Start importing Assets/MaterialProjeto/barra.png using Guid(f667b02ca94162a4caac5350102c84a4) Importer(815301076,1909f56bfc062723c751e8b465ee728b)  -> (artifact id: '1feeac1ad54a3d19bacc4eccaa354856') in 0.052712 seconds
  Import took 0.069672 seconds .

========================================================================
Received Import Request.
  Time since last request: 19.930085 seconds.
  path: Assets/MaterialProjeto/barra.png
  artifactKey: Guid(f667b02ca94162a4caac5350102c84a4) Importer(815301076,1909f56bfc062723c751e8b465ee728b)
Start importing Assets/MaterialProjeto/barra.png using Guid(f667b02ca94162a4caac5350102c84a4) Importer(815301076,1909f56bfc062723c751e8b465ee728b)  -> (artifact id: 'f84aa4ca8473a6489fcd8025a0b619d4') in 0.029851 seconds
  Import took 0.105771 seconds .

========================================================================
Received Prepare
Registering precompiled user dll's ...
Registered in 0.003167 seconds.
Begin MonoManager ReloadAssembly
Native extension for WindowsStandalone target not found
Refreshing native plugins compatible for Editor in 0.98 ms, found 0 plugins.
Preloading 0 native plugins for Editor in 0.00 ms.
Invoked RoslynAnalysisRunner static constructor.
RoslynAnalysisRunner will not be running.
RoslynAnalysisRunner has terminated.
Mono: successfully reloaded assembly
- Completed reload, in  1.727 seconds
Platform modules already initialized, skipping
Refreshing native plugins compatible for Editor in 0.99 ms, found 0 plugins.
Preloading 0 native plugins for Editor in 0.00 ms.
Unloading 1412 Unused Serialized files (Serialized files now loaded: 0)
System memory in use before: 70.1 MB.
System memory in use after: 70.2 MB.

Unloading 25 unused Assets to reduce memory usage. Loaded Objects now: 1853.
Total: 2.103800 ms (FindLiveObjects: 0.190600 ms CreateObjectMapping: 0.107100 ms MarkObjects: 1.751100 ms  DeleteObjects: 0.053900 ms)

========================================================================
Received Import Request.
  Time since last request: 286.920548 seconds.
  path: Assets/MaterialProjeto/barra.png
  artifactKey: Guid(f667b02ca94162a4caac5350102c84a4) Importer(815301076,1909f56bfc062723c751e8b465ee728b)
Start importing Assets/MaterialProjeto/barra.png using Guid(f667b02ca94162a4caac5350102c84a4) Importer(815301076,1909f56bfc062723c751e8b465ee728b)  -> (artifact id: '8616ba7dff14e6bbfaed65eff0e6f4d5') in 0.235703 seconds
  Import took 0.245311 seconds .

========================================================================
Received Import Request.
  Time since last request: 61.193181 seconds.
  path: Assets/MaterialProjeto/barraVerde.png
  artifactKey: Guid(b48899e92bce3004099aebde900d7345) Importer(815301076,1909f56bfc062723c751e8b465ee728b)
Start importing Assets/MaterialProjeto/barraVerde.png using Guid(b48899e92bce3004099aebde900d7345) Importer(815301076,1909f56bfc062723c751e8b465ee728b)  -> (artifact id: '4270471a11288e4e508b7bf6fc763bca') in 0.065270 seconds
  Import took 0.072760 seconds .

========================================================================
Received Import Request.
  Time since last request: 29.075369 seconds.
  path: Assets/MaterialProjeto/barraVerde.png
  artifactKey: Guid(b48899e92bce3004099aebde900d7345) Importer(815301076,1909f56bfc062723c751e8b465ee728b)
Start importing Assets/MaterialProjeto/barraVerde.png using Guid(b48899e92bce3004099aebde900d7345) Importer(815301076,1909f56bfc062723c751e8b465ee728b)  -> (artifact id: '0760daecacc53db1b1e3bb1a45ea3ef3') in 0.021436 seconds
  Import took 0.043174 seconds .

========================================================================
Received Prepare
Registering precompiled user dll's ...
Registered in 0.003481 seconds.
Begin MonoManager ReloadAssembly
Native extension for WindowsStandalone target not found
Refreshing native plugins compatible for Editor in 1.35 ms, found 0 plugins.
Preloading 0 native plugins for Editor in 0.00 ms.
Invoked RoslynAnalysisRunner static constructor.
RoslynAnalysisRunner will not be running.
RoslynAnalysisRunner has terminated.
Mono: successfully reloaded assembly
- Completed reload, in  2.149 seconds
Platform modules already initialized, skipping
Refreshing native plugins compatible for Editor in 0.77 ms, found 0 plugins.
Preloading 0 native plugins for Editor in 0.00 ms.
Unloading 1412 Unused Serialized files (Serialized files now loaded: 0)
System memory in use before: 70.2 MB.
System memory in use after: 70.3 MB.

Unloading 25 unused Assets to reduce memory usage. Loaded Objects now: 1856.
Total: 3.639100 ms (FindLiveObjects: 0.241500 ms CreateObjectMapping: 0.072500 ms MarkObjects: 3.113100 ms  DeleteObjects: 0.210500 ms)

========================================================================
Received Import Request.
  Time since last request: 867.582533 seconds.
  path: Assets/MaterialProjeto/barraVermelha.png
  artifactKey: Guid(906f6bbbef5c9b7489a5ef825b0e518e) Importer(815301076,1909f56bfc062723c751e8b465ee728b)
Start importing Assets/MaterialProjeto/barraVermelha.png using Guid(906f6bbbef5c9b7489a5ef825b0e518e) Importer(815301076,1909f56bfc062723c751e8b465ee728b)  -> (artifact id: 'ac80a746c66fd75e2b7f24a8a2d71cc9') in 0.400887 seconds
  Import took 0.436996 seconds .

========================================================================
Received Import Request.
  Time since last request: 19.222476 seconds.
  path: Assets/MaterialProjeto/barraVermelha.png
  artifactKey: Guid(906f6bbbef5c9b7489a5ef825b0e518e) Importer(815301076,1909f56bfc062723c751e8b465ee728b)
Start importing Assets/MaterialProjeto/barraVermelha.png using Guid(906f6bbbef5c9b7489a5ef825b0e518e) Importer(815301076,1909f56bfc062723c751e8b465ee728b)  -> (artifact id: '8435438ee9038aeeddb54a37ffc15455') in 0.098669 seconds
  Import took 0.107113 seconds .

========================================================================
Received Import Request.
  Time since last request: 4.852042 seconds.
  path: Assets/MaterialProjeto/barraVermelha.png
  artifactKey: Guid(906f6bbbef5c9b7489a5ef825b0e518e) Importer(815301076,1909f56bfc062723c751e8b465ee728b)
Start importing Assets/MaterialProjeto/barraVermelha.png using Guid(906f6bbbef5c9b7489a5ef825b0e518e) Importer(815301076,1909f56bfc062723c751e8b465ee728b)  -> (artifact id: '76d260559788894d10747c8f3be2061b') in 0.033509 seconds
  Import took 0.045495 seconds .

========================================================================
Received Import Request.
  Time since last request: 56.839737 seconds.
  path: Assets/MaterialProjeto/barraVermelha.png
  artifactKey: Guid(906f6bbbef5c9b7489a5ef825b0e518e) Importer(815301076,1909f56bfc062723c751e8b465ee728b)
Start importing Assets/MaterialProjeto/barraVermelha.png using Guid(906f6bbbef5c9b7489a5ef825b0e518e) Importer(815301076,1909f56bfc062723c751e8b465ee728b)  -> (artifact id: 'f5fbc06b56ced53ecb890209742874f5') in 0.039005 seconds
  Import took 0.050302 seconds .

========================================================================
Received Import Request.
  Time since last request: 11.886802 seconds.
  path: Assets/MaterialProjeto/barraVermelha.png
  artifactKey: Guid(906f6bbbef5c9b7489a5ef825b0e518e) Importer(815301076,1909f56bfc062723c751e8b465ee728b)
Start importing Assets/MaterialProjeto/barraVermelha.png using Guid(906f6bbbef5c9b7489a5ef825b0e518e) Importer(815301076,1909f56bfc062723c751e8b465ee728b)  -> (artifact id: 'd9c6f804db5453b9fcf59ab830bceb50') in 0.049917 seconds
  Import took 0.067595 seconds .

========================================================================
Received Import Request.
  Time since last request: 42.829931 seconds.
  path: Assets/MaterialProjeto/barraVermelha.png
  artifactKey: Guid(906f6bbbef5c9b7489a5ef825b0e518e) Importer(815301076,1909f56bfc062723c751e8b465ee728b)
Start importing Assets/MaterialProjeto/barraVermelha.png using Guid(906f6bbbef5c9b7489a5ef825b0e518e) Importer(815301076,1909f56bfc062723c751e8b465ee728b)  -> (artifact id: '649e41313232192e6b1a9a0133223c04') in 0.031920 seconds
  Import took 0.061455 seconds .

========================================================================
Received Import Request.
  Time since last request: 260.642447 seconds.
  path: Assets/MaterialProjeto/Fonts/PressStart2P-Regular.ttf
  artifactKey: Guid(6df8e30c35fd515469c492a0dcb97e49) Importer(815301076,1909f56bfc062723c751e8b465ee728b)
Start importing Assets/MaterialProjeto/Fonts/PressStart2P-Regular.ttf using Guid(6df8e30c35fd515469c492a0dcb97e49) Importer(815301076,1909f56bfc062723c751e8b465ee728b)  -> (artifact id: 'b44eb4668e6f444ac9f489d3cfed5008') in 0.582562 seconds
  Import took 0.617791 seconds .

========================================================================
Received Import Request.
  Time since last request: 0.000278 seconds.
  path: Assets/MaterialProjeto/Fonts/VCR_OSD_MONO_1.001.ttf
  artifactKey: Guid(745a4b8d8e689664cb39e1f8ae941f1e) Importer(815301076,1909f56bfc062723c751e8b465ee728b)
Start importing Assets/MaterialProjeto/Fonts/VCR_OSD_MONO_1.001.ttf using Guid(745a4b8d8e689664cb39e1f8ae941f1e) Importer(815301076,1909f56bfc062723c751e8b465ee728b)  -> (artifact id: '7acde1a62019ea6ca7a19f7d013a3a02') in 0.060754 seconds
  Import took 0.067994 seconds .

========================================================================
Received Prepare
Registering precompiled user dll's ...
Registered in 0.004800 seconds.
Begin MonoManager ReloadAssembly
Native extension for WindowsStandalone target not found
Refreshing native plugins compatible for Editor in 0.48 ms, found 0 plugins.
Preloading 0 native plugins for Editor in 0.00 ms.
Invoked RoslynAnalysisRunner static constructor.
RoslynAnalysisRunner will not be running.
RoslynAnalysisRunner has terminated.
Mono: successfully reloaded assembly
- Completed reload, in  3.047 seconds
Platform modules already initialized, skipping
Refreshing native plugins compatible for Editor in 0.53 ms, found 0 plugins.
Preloading 0 native plugins for Editor in 0.00 ms.
Unloading 1412 Unused Serialized files (Serialized files now loaded: 0)
System memory in use before: 70.7 MB.
System memory in use after: 70.8 MB.

Unloading 25 unused Assets to reduce memory usage. Loaded Objects now: 1900.
Total: 3.251500 ms (FindLiveObjects: 0.364000 ms CreateObjectMapping: 0.085500 ms MarkObjects: 2.718600 ms  DeleteObjects: 0.082300 ms)

========================================================================
Received Prepare
Registering precompiled user dll's ...
Registered in 0.003708 seconds.
Begin MonoManager ReloadAssembly
Native extension for WindowsStandalone target not found
Refreshing native plugins compatible for Editor in 1.40 ms, found 0 plugins.
Preloading 0 native plugins for Editor in 0.00 ms.
Invoked RoslynAnalysisRunner static constructor.
RoslynAnalysisRunner will not be running.
RoslynAnalysisRunner has terminated.
Mono: successfully reloaded assembly
- Completed reload, in  1.899 seconds
Platform modules already initialized, skipping
Refreshing native plugins compatible for Editor in 0.53 ms, found 0 plugins.
Preloading 0 native plugins for Editor in 0.00 ms.
Unloading 1412 Unused Serialized files (Serialized files now loaded: 0)
System memory in use before: 70.8 MB.
System memory in use after: 70.9 MB.

Unloading 25 unused Assets to reduce memory usage. Loaded Objects now: 1902.
Total: 3.607400 ms (FindLiveObjects: 0.204600 ms CreateObjectMapping: 0.111900 ms MarkObjects: 3.199000 ms  DeleteObjects: 0.090200 ms)

========================================================================
Received Prepare
Registering precompiled user dll's ...
Registered in 0.005341 seconds.
Begin MonoManager ReloadAssembly
Native extension for WindowsStandalone target not found
Refreshing native plugins compatible for Editor in 1.08 ms, found 0 plugins.
Preloading 0 native plugins for Editor in 0.00 ms.
Invoked RoslynAnalysisRunner static constructor.
RoslynAnalysisRunner will not be running.
RoslynAnalysisRunner has terminated.
Mono: successfully reloaded assembly
- Completed reload, in  4.485 seconds
Platform modules already initialized, skipping
Refreshing native plugins compatible for Editor in 1.13 ms, found 0 plugins.
Preloading 0 native plugins for Editor in 0.00 ms.
Unloading 1412 Unused Serialized files (Serialized files now loaded: 0)
System memory in use before: 70.9 MB.
System memory in use after: 71.0 MB.

Unloading 25 unused Assets to reduce memory usage. Loaded Objects now: 1904.
Total: 3.989500 ms (FindLiveObjects: 0.398500 ms CreateObjectMapping: 0.181000 ms MarkObjects: 3.321400 ms  DeleteObjects: 0.085900 ms)

AssetImportWorkerClient::OnTransportError - code=2 error=End of file
